# JRE version: Java(TM) SE Runtime Environment (8.0_241-b07) (build 1.8.0_241-b07)
# Java VM: Java HotSpot(TM) 64-Bit Server VM (25.241-b07 mixed mode windows-amd64 compressed oops)
Heap:
 PSYoungGen      total 56320K, used 8311K [0x00000000d6100000, 0x00000000da300000, 0x0000000100000000)
  eden space 47104K, 17% used [0x00000000d6100000,0x00000000d691dea0,0x00000000d8f00000)
  from space 9216K, 0% used [0x00000000d9a00000,0x00000000d9a00000,0x00000000da300000)
  to   space 10240K, 0% used [0x00000000d8f00000,0x00000000d8f00000,0x00000000d9900000)
 ParOldGen       total 52224K, used 14253K [0x0000000082200000, 0x0000000085500000, 0x00000000d6100000)
  object space 52224K, 27% used [0x0000000082200000,0x0000000082feb6e0,0x0000000085500000)
 Metaspace       used 34111K, capacity 35990K, committed 36096K, reserved 1081344K
  class space    used 4519K, capacity 4832K, committed 4864K, reserved 1048576K
GC Heap History (10 events):
Event: 3.171 GC heap before
{Heap before GC invocations=12 (full 1):
 PSYoungGen      total 56320K, used 52259K [0x00000000d6100000, 0x00000000da300000, 0x0000000100000000)
  eden space 47104K, 100% used [0x00000000d6100000,0x00000000d8f00000,0x00000000d8f00000)
  from space 9216K, 55% used [0x00000000d9a00000,0x00000000d9f08e28,0x00000000da300000)
  to   space 10240K, 0% used [0x00000000d8f00000,0x00000000d8f00000,0x00000000d9900000)
 ParOldGen       total 52224K, used 7676K [0x0000000082200000, 0x0000000085500000, 0x00000000d6100000)
  object space 52224K, 14% used [0x0000000082200000,0x000000008297f1c0,0x0000000085500000)
 Metaspace       used 25797K, capacity 27342K, committed 27648K, reserved 1073152K
  class space    used 3483K, capacity 3763K, committed 3840K, reserved 1048576K
Event: 3.176 GC heap after
Heap after GC invocations=12 (full 1):
 PSYoungGen      total 57344K, used 1649K [0x00000000d6100000, 0x00000000da300000, 0x0000000100000000)
  eden space 47104K, 0% used [0x00000000d6100000,0x00000000d6100000,0x00000000d8f00000)
  from space 10240K, 16% used [0x00000000d8f00000,0x00000000d909c648,0x00000000d9900000)
  to   space 9216K, 0% used [0x00000000d9a00000,0x00000000d9a00000,0x00000000da300000)
 ParOldGen       total 52224K, used 11008K [0x0000000082200000, 0x0000000085500000, 0x00000000d6100000)
  object space 52224K, 21% used [0x0000000082200000,0x0000000082cc03c8,0x0000000085500000)
 Metaspace       used 25797K, capacity 27342K, committed 27648K, reserved 1073152K
  class space    used 3483K, capacity 3763K, committed 3840K, reserved 1048576K
}
Event: 3.264 GC heap before
{Heap before GC invocations=13 (full 1):
 PSYoungGen      total 57344K, used 48753K [0x00000000d6100000, 0x00000000da300000, 0x0000000100000000)
  eden space 47104K, 100% used [0x00000000d6100000,0x00000000d8f00000,0x00000000d8f00000)
  from space 10240K, 16% used [0x00000000d8f00000,0x00000000d909c648,0x00000000d9900000)
  to   space 9216K, 0% used [0x00000000d9a00000,0x00000000d9a00000,0x00000000da300000)
 ParOldGen       total 52224K, used 11008K [0x0000000082200000, 0x0000000085500000, 0x00000000d6100000)
  object space 52224K, 21% used [0x0000000082200000,0x0000000082cc03c8,0x0000000085500000)
 Metaspace       used 26392K, capacity 28044K, committed 28288K, reserved 1073152K
  class space    used 3540K, capacity 3864K, committed 3968K, reserved 1048576K
Event: 3.266 GC heap after
Heap after GC invocations=13 (full 1):
 PSYoungGen      total 56320K, used 1011K [0x00000000d6100000, 0x00000000da300000, 0x0000000100000000)
  eden space 47104K, 0% used [0x00000000d6100000,0x00000000d6100000,0x00000000d8f00000)
  from space 9216K, 10% used [0x00000000d9a00000,0x00000000d9afcf80,0x00000000da300000)
  to   space 10240K, 0% used [0x00000000d8f00000,0x00000000d8f00000,0x00000000d9900000)
 ParOldGen       total 52224K, used 11611K [0x0000000082200000, 0x0000000085500000, 0x00000000d6100000)
  object space 52224K, 22% used [0x0000000082200000,0x0000000082d56d78,0x0000000085500000)
 Metaspace       used 26392K, capacity 28044K, committed 28288K, reserved 1073152K
  class space    used 3540K, capacity 3864K, committed 3968K, reserved 1048576K
}
Event: 3.707 GC heap before
{Heap before GC invocations=14 (full 1):
 PSYoungGen      total 56320K, used 48115K [0x00000000d6100000, 0x00000000da300000, 0x0000000100000000)
  eden space 47104K, 100% used [0x00000000d6100000,0x00000000d8f00000,0x00000000d8f00000)
  from space 9216K, 10% used [0x00000000d9a00000,0x00000000d9afcf80,0x00000000da300000)
  to   space 10240K, 0% used [0x00000000d8f00000,0x00000000d8f00000,0x00000000d9900000)
 ParOldGen       total 52224K, used 11611K [0x0000000082200000, 0x0000000085500000, 0x00000000d6100000)
  object space 52224K, 22% used [0x0000000082200000,0x0000000082d56d78,0x0000000085500000)
 Metaspace       used 32521K, capacity 34366K, committed 34560K, reserved 1079296K
  class space    used 4224K, capacity 4534K, committed 4608K, reserved 1048576K
Event: 3.715 GC heap after
Heap after GC invocations=14 (full 1):
 PSYoungGen      total 57344K, used 6719K [0x00000000d6100000, 0x00000000da300000, 0x0000000100000000)
  eden space 47104K, 0% used [0x00000000d6100000,0x00000000d6100000,0x00000000d8f00000)
  from space 10240K, 65% used [0x00000000d8f00000,0x00000000d958fd90,0x00000000d9900000)
  to   space 9216K, 0% used [0x00000000d9a00000,0x00000000d9a00000,0x00000000da300000)
 ParOldGen       total 52224K, used 11908K [0x0000000082200000, 0x0000000085500000, 0x00000000d6100000)
  object space 52224K, 22% used [0x0000000082200000,0x0000000082da1360,0x0000000085500000)
 Metaspace       used 32521K, capacity 34366K, committed 34560K, reserved 1079296K
  class space    used 4224K, capacity 4534K, committed 4608K, reserved 1048576K
}
Event: 3.776 GC heap before
{Heap before GC invocations=15 (full 1):
 PSYoungGen      total 57344K, used 18254K [0x00000000d6100000, 0x00000000da300000, 0x0000000100000000)
  eden space 47104K, 24% used [0x00000000d6100000,0x00000000d6c43df8,0x00000000d8f00000)
  from space 10240K, 65% used [0x00000000d8f00000,0x00000000d958fd90,0x00000000d9900000)
  to   space 9216K, 0% used [0x00000000d9a00000,0x00000000d9a00000,0x00000000da300000)
 ParOldGen       total 52224K, used 11908K [0x0000000082200000, 0x0000000085500000, 0x00000000d6100000)
  object space 52224K, 22% used [0x0000000082200000,0x0000000082da1360,0x0000000085500000)
 Metaspace       used 33609K, capacity 35392K, committed 35456K, reserved 1079296K
  class space    used 4418K, capacity 4727K, committed 4736K, reserved 1048576K
Event: 3.779 GC heap after
Heap after GC invocations=15 (full 1):
 PSYoungGen      total 56320K, used 1525K [0x00000000d6100000, 0x00000000da300000, 0x0000000100000000)
  eden space 47104K, 0% used [0x00000000d6100000,0x00000000d6100000,0x00000000d8f00000)
  from space 9216K, 16% used [0x00000000d9a00000,0x00000000d9b7d438,0x00000000da300000)
  to   space 10240K, 0% used [0x00000000d8f00000,0x00000000d8f00000,0x00000000d9900000)
 ParOldGen       total 52224K, used 14309K [0x0000000082200000, 0x0000000085500000, 0x00000000d6100000)
  object space 52224K, 27% used [0x0000000082200000,0x0000000082ff96f8,0x0000000085500000)
 Metaspace       used 33609K, capacity 35392K, committed 35456K, reserved 1079296K
  class space    used 4418K, capacity 4727K, committed 4736K, reserved 1048576K
}
Event: 3.779 GC heap before
{Heap before GC invocations=16 (full 2):
 PSYoungGen      total 56320K, used 1525K [0x00000000d6100000, 0x00000000da300000, 0x0000000100000000)
  eden space 47104K, 0% used [0x00000000d6100000,0x00000000d6100000,0x00000000d8f00000)
  from space 9216K, 16% used [0x00000000d9a00000,0x00000000d9b7d438,0x00000000da300000)
  to   space 10240K, 0% used [0x00000000d8f00000,0x00000000d8f00000,0x00000000d9900000)
 ParOldGen       total 52224K, used 14309K [0x0000000082200000, 0x0000000085500000, 0x00000000d6100000)
  object space 52224K, 27% used [0x0000000082200000,0x0000000082ff96f8,0x0000000085500000)
 Metaspace       used 33609K, capacity 35392K, committed 35456K, reserved 1079296K
  class space    used 4418K, capacity 4727K, committed 4736K, reserved 1048576K
Event: 3.895 GC heap after
Heap after GC invocations=16 (full 2):
 PSYoungGen      total 56320K, used 0K [0x00000000d6100000, 0x00000000da300000, 0x0000000100000000)
  eden space 47104K, 0% used [0x00000000d6100000,0x00000000d6100000,0x00000000d8f00000)
  from space 9216K, 0% used [0x00000000d9a00000,0x00000000d9a00000,0x00000000da300000)
  to   space 10240K, 0% used [0x00000000d8f00000,0x00000000d8f00000,0x00000000d9900000)
 ParOldGen       total 52224K, used 14253K [0x0000000082200000, 0x0000000085500000, 0x00000000d6100000)
  object space 52224K, 27% used [0x0000000082200000,0x0000000082feb6e0,0x0000000085500000)
 Metaspace       used 33609K, capacity 35392K, committed 35456K, reserved 1079296K
  class space    used 4418K, capacity 4727K, committed 4736K, reserved 1048576K
}

